Symbol range map extraction starting
Processing 38 files
startProcessing "cofh/api/CoFHAPIProps.java" md5: aa09e189962e655332bb647caf525db5
Cache Hit!
endProcessing "cofh/api/CoFHAPIProps.java"

startProcessing "cofh/api/energy/EnergyStorage.java" md5: fd70317a3c83f51160d1e1a7b8b211cc
Cache Hit!
endProcessing "cofh/api/energy/EnergyStorage.java"

startProcessing "cofh/api/energy/IEnergyConnection.java" md5: 1f3b9e19dfe5b9838921a3917f0b030b
Cache Hit!
endProcessing "cofh/api/energy/IEnergyConnection.java"

startProcessing "cofh/api/energy/IEnergyContainerItem.java" md5: a985d1343e0dc56d2084c49aa2bf54ab
Cache Hit!
endProcessing "cofh/api/energy/IEnergyContainerItem.java"

startProcessing "cofh/api/energy/IEnergyHandler.java" md5: 79f1b780132205822680a19fc2373de2
Cache Hit!
endProcessing "cofh/api/energy/IEnergyHandler.java"

startProcessing "cofh/api/energy/IEnergyProvider.java" md5: a799839d22635b2efd472acfa39bdd67
Cache Hit!
endProcessing "cofh/api/energy/IEnergyProvider.java"

startProcessing "cofh/api/energy/IEnergyReceiver.java" md5: d33abce0ed444e2273f6d387be31ce1a
Cache Hit!
endProcessing "cofh/api/energy/IEnergyReceiver.java"

startProcessing "cofh/api/energy/IEnergyStorage.java" md5: ae744caca22eed0cae2f46644ce8472b
Cache Hit!
endProcessing "cofh/api/energy/IEnergyStorage.java"

startProcessing "cofh/api/energy/ItemEnergyContainer.java" md5: 23ba1b333551a4eb773882005cc892f2
Cache Hit!
endProcessing "cofh/api/energy/ItemEnergyContainer.java"

startProcessing "cofh/api/energy/TileEnergyHandler.java" md5: 85c30bbd77f41ca42988cb0fd37cdac5
Cache Hit!
endProcessing "cofh/api/energy/TileEnergyHandler.java"

startProcessing "cofh/api/energy/package-info.java" md5: c133826702c2e817350091c68e193562
Cache Hit!
endProcessing "cofh/api/energy/package-info.java"

startProcessing "cofh/api/item/IAugmentItem.java" md5: 7c6e20a72f3ea45d685e333cb76abdad
Cache Hit!
endProcessing "cofh/api/item/IAugmentItem.java"

startProcessing "cofh/api/item/IInventoryContainerItem.java" md5: 77cd68929cfe90dc09418776de4f8b24
Cache Hit!
endProcessing "cofh/api/item/IInventoryContainerItem.java"

startProcessing "cofh/api/item/IMultiModeItem.java" md5: 56283d17946c51ffb9399c69c6fac1eb
Cache Hit!
endProcessing "cofh/api/item/IMultiModeItem.java"

startProcessing "cofh/api/item/ISpecialFilterFluid.java" md5: 19b76e9b6072104c5e1412cef1deaf75
Cache Hit!
endProcessing "cofh/api/item/ISpecialFilterFluid.java"

startProcessing "cofh/api/item/ISpecialFilterItem.java" md5: db6f0e3dff447a098e062081287109d1
Cache Hit!
endProcessing "cofh/api/item/ISpecialFilterItem.java"

startProcessing "cofh/api/item/IToolHammer.java" md5: a8ebb59d09f3ba5f0014b1bd0555f80f
Cache Hit!
endProcessing "cofh/api/item/IToolHammer.java"

startProcessing "cofh/api/item/package-info.java" md5: 4f46478b726283b8068fea16c876c023
Cache Hit!
endProcessing "cofh/api/item/package-info.java"

startProcessing "landmaster/landcraft/LandCraft.java" md5: 994bbcf63dd3ba9d5f015182ba9a0c14
Cache Hit!
endProcessing "landmaster/landcraft/LandCraft.java"

startProcessing "landmaster/landcraft/api/BreederFeedstock.java" md5: 8719bc91c21b3c7a548da7888512fa37
Cache Hit!
endProcessing "landmaster/landcraft/api/BreederFeedstock.java"

startProcessing "landmaster/landcraft/block/BlockBreeder.java" md5: ecd08b1c7dce439df49dd7b63f784802
Cache Hit!
endProcessing "landmaster/landcraft/block/BlockBreeder.java"

startProcessing "landmaster/landcraft/block/BlockPlayerMime.java" md5: 2dfd64b1bdb6d05335fd8b57ad3b598a
    Compile Error! Pb(156) Cannot cast from Object to int
endProcessing "landmaster/landcraft/block/BlockPlayerMime.java"

startProcessing "landmaster/landcraft/container/ContTEBreeder.java" md5: 0267997492549462737a85cd5b2e6387
Cache Hit!
endProcessing "landmaster/landcraft/container/ContTEBreeder.java"

startProcessing "landmaster/landcraft/container/slots/SlotFeedstock.java" md5: 408e91e005d1d7a3f0ab9a37780b6e1b
Cache Hit!
endProcessing "landmaster/landcraft/container/slots/SlotFeedstock.java"

startProcessing "landmaster/landcraft/container/slots/SlotItemHandlerBase.java" md5: 4c8b4cb82e08b0756bccbcc28bb16b15
Cache Hit!
endProcessing "landmaster/landcraft/container/slots/SlotItemHandlerBase.java"

startProcessing "landmaster/landcraft/container/slots/SlotOutput.java" md5: 152b963991dcd5018ca4bd31220f8325
Cache Hit!
endProcessing "landmaster/landcraft/container/slots/SlotOutput.java"

startProcessing "landmaster/landcraft/container/slots/SlotReactant.java" md5: ace5e780d89b4606c5691058b633068b
Cache Hit!
endProcessing "landmaster/landcraft/container/slots/SlotReactant.java"

startProcessing "landmaster/landcraft/gui/GuiTEBreeder.java" md5: 86e9eca5f82da13189e29aee2803f0dd
Cache Hit!
endProcessing "landmaster/landcraft/gui/GuiTEBreeder.java"

startProcessing "landmaster/landcraft/gui/proxy/GuiProxy.java" md5: b5d331ef0132f783f28a9bb9a659415e
Cache Hit!
endProcessing "landmaster/landcraft/gui/proxy/GuiProxy.java"

startProcessing "landmaster/landcraft/net/PacketHandler.java" md5: b42731970d1ed3f99a150f8f9691f1bf
Cache Hit!
endProcessing "landmaster/landcraft/net/PacketHandler.java"

startProcessing "landmaster/landcraft/net/PacketUpdateTEBreeder.java" md5: 05d7ada8ab5b2a2b3322a5d501910334
Cache Hit!
endProcessing "landmaster/landcraft/net/PacketUpdateTEBreeder.java"

startProcessing "landmaster/landcraft/proxy/ClientProxy.java" md5: 7cf96e54843875c3d309d69f41ba0ac5
Cache Hit!
endProcessing "landmaster/landcraft/proxy/ClientProxy.java"

startProcessing "landmaster/landcraft/proxy/CommonProxy.java" md5: 8e4ba89b3b9d89020c3cda9d3e6ea7ca
Cache Hit!
endProcessing "landmaster/landcraft/proxy/CommonProxy.java"

startProcessing "landmaster/landcraft/tile/TEBreeder.java" md5: af8fff20ab1ceb5ca07081d32af33389
Cache Hit!
endProcessing "landmaster/landcraft/tile/TEBreeder.java"

startProcessing "landmaster/landcraft/tile/TEEnergy.java" md5: 1812571be42035ebb834b0b62c9e445b
Cache Hit!
endProcessing "landmaster/landcraft/tile/TEEnergy.java"

startProcessing "landmaster/landcraft/tile/TEPlayerMime.java" md5: 0588c441b41896777b34f0d538b9ee27
Cache Hit!
endProcessing "landmaster/landcraft/tile/TEPlayerMime.java"

startProcessing "landmaster/landcraft/util/Coord4D.java" md5: e107027fcc0beb1b0dac46a20e62c92f
Cache Hit!
endProcessing "landmaster/landcraft/util/Coord4D.java"

startProcessing "landmaster/landcraft/util/Utils.java" md5: dcebcb9a5a603a6f34108f5c4d0a47fa
Cache Hit!
endProcessing "landmaster/landcraft/util/Utils.java"

